2025-05-08 19:44:35,960 - ERROR - Config load failed: [Errno 2] No such file or directory: 'C:\\Users\\MOFFAT KAGIRI\\Documents\\GitHub\\pdf-mining\\src\\configs\\configs\\ocr.yaml.yaml'
2025-05-08 19:44:35,963 - INFO - Using default configuration
2025-05-08 19:44:35,963 - WARNING - poppler_path not configured, PDF conversion may fail
2025-05-08 19:44:36,056 - INFO - Successfully extracted text directly from PDF
2025-05-08 19:44:36,061 - INFO - Text saved to data/out/txt/simple.txt
2025-05-08 19:46:33,597 - ERROR - Config load failed: [Errno 2] No such file or directory: 'C:\\Users\\MOFFAT KAGIRI\\Documents\\GitHub\\pdf-mining\\src\\configs\\configs\\ocr.yaml.yaml'
2025-05-08 19:46:33,597 - INFO - Using default configuration
2025-05-08 19:46:33,597 - WARNING - poppler_path not configured, PDF conversion may fail
2025-05-08 19:46:33,597 - WARNING - Direct extraction failed, attempting OCR fallback
2025-05-08 19:46:40,307 - ERROR - Layout analysis failed: enhance_image() missing 1 required positional argument: 'config'
2025-05-08 19:46:43,982 - INFO - Text saved to data/out/txt/image.txt
2025-05-08 19:50:07,646 - ERROR - Config load failed: [Errno 2] No such file or directory: 'C:\\Users\\MOFFAT KAGIRI\\Documents\\GitHub\\pdf-mining\\src\\configs\\configs\\ocr.yaml.yaml'
2025-05-08 19:50:07,646 - INFO - Using default configuration
2025-05-08 19:50:07,646 - WARNING - poppler_path not configured, PDF conversion may fail
2025-05-08 19:50:07,668 - INFO - Successfully extracted text directly from PDF
2025-05-08 19:50:07,668 - INFO - Text saved to data/out/txt/simple.txt
2025-05-08 19:51:06,948 - ERROR - Config load failed: [Errno 2] No such file or directory: 'C:\\Users\\MOFFAT KAGIRI\\Documents\\GitHub\\pdf-mining\\src\\configs\\configs\\ocr.yaml.yaml'
2025-05-08 19:51:06,948 - INFO - Using default configuration
2025-05-08 19:51:06,954 - WARNING - poppler_path not configured, PDF conversion may fail
2025-05-08 19:51:06,971 - INFO - Successfully extracted text directly from PDF
2025-05-08 19:51:06,974 - INFO - Text saved to data/out/txt/simple.txt
2025-05-08 19:57:25,772 - ERROR - Config load failed: [Errno 2] No such file or directory: 'C:\\Users\\MOFFAT KAGIRI\\Documents\\GitHub\\pdf-mining\\src\\configs\\configs\\ocr.yaml.yaml'
2025-05-08 19:57:25,772 - INFO - Using default configuration
2025-05-08 19:57:25,772 - WARNING - poppler_path not configured, PDF conversion may fail
2025-05-08 19:57:25,790 - INFO - Successfully extracted text directly from PDF
2025-05-08 19:57:25,790 - ERROR - Failed to process simple.pdf: __init__() missing 1 required positional argument: 'config'
2025-05-08 20:06:37,607 - INFO - Configuration loaded successfully
2025-05-08 20:06:48,590 - INFO - Successfully extracted text directly from PDF
2025-05-08 20:06:48,593 - ERROR - Failed to process simple.pdf: detect_tables() takes 1 positional argument but 2 were given
2025-05-08 20:07:47,883 - INFO - Configuration loaded successfully
2025-05-08 20:07:55,079 - INFO - Successfully extracted text directly from PDF
2025-05-08 20:07:55,089 - INFO - Text saved to data/out/txt/simple.txt
2025-05-08 20:08:31,888 - INFO - Configuration loaded successfully
2025-05-08 20:08:38,725 - WARNING - Direct extraction failed, attempting OCR fallback
2025-05-08 20:08:45,598 - ERROR - Layout analysis failed: enhance_image() missing 1 required positional argument: 'config'
2025-05-08 20:08:48,117 - INFO - Text saved to data/out/txt/image.txt
2025-05-08 20:14:37,875 - WARNING - Direct extraction failed, attempting OCR fallback
2025-05-08 20:14:44,934 - ERROR - Layout analysis failed: enhance_image() missing 1 required positional argument: 'config'
2025-05-08 20:14:48,162 - INFO - Text saved to data/out/txt/image.txt
2025-05-08 20:14:48,168 - INFO - Quality report saved to data/out/quality/image_qc.txt
2025-05-08 20:17:58,141 - INFO - Successfully extracted text directly from PDF
2025-05-08 20:17:58,180 - INFO - Text saved to data/out/txt/sample.txt
2025-05-08 20:17:58,183 - INFO - Quality report saved to data/out/quality/sample_qc.txt
2025-05-08 20:20:40,030 - WARNING - Direct extraction failed, attempting OCR fallback
2025-05-08 20:20:47,550 - ERROR - Layout analysis failed: enhance_image() missing 1 required positional argument: 'config'
2025-05-08 20:20:49,518 - INFO - Text saved to data/out/txt/ollyvian.txt
2025-05-08 20:20:49,520 - INFO - Quality report saved to data/out/quality/ollyvian_qc.txt
2025-05-09 19:20:49,900 - WARNING - Direct extraction failed, attempting OCR fallback
2025-05-09 19:21:02,248 - ERROR - Layout analysis failed: enhance_image() missing 1 required positional argument: 'config'
2025-05-09 19:21:14,842 - INFO - Text saved to data/out/txt/image.txt
2025-05-09 19:21:14,851 - INFO - Structured CSV saved to data/out/csv/image.csv
2025-05-09 19:21:14,851 - INFO - Detected 9 paragraphs/rows
2025-05-09 19:29:23,434 - WARNING - Direct extraction failed, attempting OCR fallback
2025-05-09 19:29:39,082 - ERROR - Layout analysis failed: enhance_image() missing 1 required positional argument: 'config'
2025-05-09 19:29:48,172 - INFO - Text saved to data/out/txt/image.txt
2025-05-09 19:29:48,177 - INFO - Structured CSV saved to data/out/csv/image.csv
2025-05-09 19:29:48,177 - INFO - Detected 9 paragraphs/rows
